{"/Users/bionhoward/hax/bp/www/components/nav.js": {"path":"/Users/bionhoward/hax/bp/www/components/nav.js","statementMap":{"0":{"start":{"line":4,"column":14},"end":{"line":10,"column":2}},"1":{"start":{"line":8,"column":2},"end":{"line":8,"column":50}},"2":{"start":{"line":9,"column":2},"end":{"line":9,"column":13}},"3":{"start":{"line":12,"column":12},"end":{"line":54,"column":1}},"4":{"start":{"line":13,"column":2},"end":{"line":53,"column":8}},"5":{"start":{"line":21,"column":8},"end":{"line":23,"column":13}}},"fnMap":{"0":{"name":"(anonymous_0)","decl":{"start":{"line":7,"column":6},"end":{"line":7,"column":7}},"loc":{"start":{"line":7,"column":14},"end":{"line":10,"column":1}},"line":7},"1":{"name":"(anonymous_1)","decl":{"start":{"line":12,"column":12},"end":{"line":12,"column":13}},"loc":{"start":{"line":13,"column":2},"end":{"line":53,"column":8}},"line":13},"2":{"name":"(anonymous_2)","decl":{"start":{"line":20,"column":17},"end":{"line":20,"column":18}},"loc":{"start":{"line":21,"column":8},"end":{"line":23,"column":13}},"line":21}},"branchMap":{},"s":{"0":1,"1":2,"2":2,"3":1,"4":1,"5":2},"f":{"0":2,"1":1,"2":2},"b":{},"_coverageSchema":"43e27e138ebf9cfc5966b082cf9a028302ed4184","hash":"59cf09baec50667e589324ee3b3ef8e410e8e923"}
,"/Users/bionhoward/hax/bp/www/pages/index.js": {"path":"/Users/bionhoward/hax/bp/www/pages/index.js","statementMap":{"0":{"start":{"line":5,"column":13},"end":{"line":88,"column":1}},"1":{"start":{"line":6,"column":2},"end":{"line":87,"column":8}}},"fnMap":{"0":{"name":"(anonymous_0)","decl":{"start":{"line":5,"column":13},"end":{"line":5,"column":14}},"loc":{"start":{"line":6,"column":2},"end":{"line":87,"column":8}},"line":6}},"branchMap":{},"s":{"0":1,"1":2},"f":{"0":2},"b":{},"_coverageSchema":"43e27e138ebf9cfc5966b082cf9a028302ed4184","hash":"1cea024dd28f37c513a3bebbfbdce9e04a0b0979"}
}
